<?xml version="1.0" encoding="UTF-8"?>
<!-- Generated by org.testng.reporters.JUnitXMLReporter -->
<testsuite hostname="OZDEN-iMac.local" ignored="0" name="Command line test" tests="5" failures="0" timestamp="2023-01-16T13:15:57 EST" time="12.124" errors="0">
  <testcase name="validateFrontendTestingCards" time="0.977" classname="scripts.TechGlobalFrontendTestingHomeTest"/>
  <testcase name="validateFrontendTestingURL" time="0.214" classname="scripts.TechGlobalFrontendTestingHomeTest"/>
  <testcase name="validateTechGlobalLogo" time="0.024" classname="scripts.TechGlobalLogoTest"/>
  <testcase name="validateTechGlobalHeaderDropdown" time="0.041" classname="scripts.TechGlobalHeaderTest"/>
  <testcase name="validateTechGlobalHeaderDropdownOptions" time="0.204" classname="scripts.TechGlobalHeaderTest"/>
</testsuite> <!-- Command line test -->
