<?xml version="1.0" encoding="UTF-8"?>
<testsuite xmlns:xsi="http://www.w3.org/2001/XMLSchema-instance" xsi:schemaLocation="https://maven.apache.org/surefire/maven-surefire-plugin/xsd/surefire-test-report.xsd" name="TestSuite" time="124.747" tests="14" errors="0" skipped="0" failures="2">
  <properties>
[...]
</properties>
  <testcase name="validateCheckBoxes" classname="scripts.TechGlobalCheckBoxTest" time="4.805"/>
  <testcase name="validateCheckBoxes2" classname="scripts.TechGlobalCheckBoxTest" time="0.777"/>
  <testcase name="dynamicElementsTest" classname="scripts.TechGlobalDynamicElementsTest" time="0.604"/>
  <testcase name="validateFrontendTestingURL" classname="scripts.TechGlobalFrontendTestingHomeTest" time="0.415"/>
  <testcase name="validateTechGlobalHeaderDropdownOptions" classname="scripts.TechGlobalHeaderTest" time="0.201"/>
  <testcase name="languageRadioButtons" classname="scripts.TechGlobalRadioButtonsTest" time="6.817"/>
  <testcase name="languageRadioButtons2" classname="scripts.TechGlobalRadioButtonsTest" time="0.794"/>
  <testcase name="validateRedBox" classname="scripts.TechGlobalWaitsTest" time="35.609"/>
  <testcase name="selectDeliveryOption" classname="scripts.TechGlobalDropdownsTest" time="5.092"/>
  <testcase name="selectProductOption" classname="scripts.TechGlobalDropdownsTest" time="20.12">
    <failure message="Cannot locate element with text: iPhone14 Pro Max&#10;For documentation on this error, please visit: https://www.seleniumhq.org/exceptions/no_such_element.html&#10;Build info: version: &apos;3.141.59&apos;, revision: &apos;e82be7d358&apos;, time: &apos;2018-11-14T08:17:03&apos;&#10;System info: host: &apos;OZDEN-iMac.ht.home&apos;, ip: &apos;192.168.0.12&apos;, os.name: &apos;Mac OS X&apos;, os.arch: &apos;x86_64&apos;, os.version: &apos;12.5.1&apos;, java.version: &apos;1.8.0_341&apos;&#10;Driver info: driver.version: unknown" type="org.openqa.selenium.NoSuchElementException">org.openqa.selenium.NoSuchElementException: 
Cannot locate element with text: iPhone14 Pro Max
For documentation on this error, please visit: https://www.seleniumhq.org/exceptions/no_such_element.html
Build info: version: '3.141.59', revision: 'e82be7d358', time: '2018-11-14T08:17:03'
System info: host: 'OZDEN-iMac.ht.home', ip: '192.168.0.12', os.name: 'Mac OS X', os.arch: 'x86_64', os.version: '12.5.1', java.version: '1.8.0_341'
Driver info: driver.version: unknown
	at scripts.TechGlobalDropdownsTest.selectProductOption(TechGlobalDropdownsTest.java:39)
</failure>
    <system-err><![CDATA[Starting ChromeDriver 109.0.5414.74 (e7c5703604daa9cc128ccf5a5d3e993513758913-refs/branch-heads/5414@{#1172}) on port 37262
Only local connections are allowed.
Please see https://chromedriver.chromium.org/security-considerations for suggestions on keeping ChromeDriver safe.
ChromeDriver was started successfully.
Jan 22, 2023 4:51:46 PM org.openqa.selenium.remote.ProtocolHandshake createSession
INFO: Detected dialect: W3C
]]></system-err>
  </testcase>
  <testcase name="selectColorOption" classname="scripts.TechGlobalDropdownsTest" time="4.074"/>
  <testcase name="validateTheItemSelected" classname="scripts.TechGlobalDropdownsTest" time="4.276"/>
  <testcase name="validateTheAppleLink" classname="scripts.TechGlobalMultipleWindowsTest" time="2.08"/>
  <testcase name="validateLinkURLs" classname="scripts.TechGlobalMultipleWindowsTest" time="4.369">
    <failure message="expected [https://www.microsoft.com/en-us/] but found [https://www.microsoft.com/en-ca/]" type="java.lang.AssertionError">java.lang.AssertionError: expected [https://www.microsoft.com/en-us/] but found [https://www.microsoft.com/en-ca/]
	at scripts.TechGlobalMultipleWindowsTest.validateLinkURLs(TechGlobalMultipleWindowsTest.java:43)
</failure>
    <system-err><![CDATA[Starting ChromeDriver 109.0.5414.74 (e7c5703604daa9cc128ccf5a5d3e993513758913-refs/branch-heads/5414@{#1172}) on port 46498
Only local connections are allowed.
Please see https://chromedriver.chromium.org/security-considerations for suggestions on keeping ChromeDriver safe.
ChromeDriver was started successfully.
Jan 22, 2023 4:52:27 PM org.openqa.selenium.remote.ProtocolHandshake createSession
INFO: Detected dialect: W3C
]]></system-err>
  </testcase>
</testsuite>