<?xml version="1.0" encoding="UTF-8"?>
<testng-results skipped="0" failed="1" ignored="0" total="11" passed="10">
  <reporter-output>
  </reporter-output>
  <suite name="Command line suite" duration-ms="72158" started-at="2023-01-20T12:21:09 EST" finished-at="2023-01-20T12:22:21 EST">
    <groups>
    </groups>
    <test name="Command line test" duration-ms="72158" started-at="2023-01-20T12:21:09 EST" finished-at="2023-01-20T12:22:21 EST">
      <class name="scripts.TechGlobalFrontendTestingHomeTest">
        <test-method status="PASS" signature="setup()[pri:0, instance:scripts.TechGlobalFrontendTestingHomeTest@490ab905]" name="setup" is-config="true" duration-ms="2451" started-at="2023-01-20T12:21:09 EST" finished-at="2023-01-20T12:21:11 EST">
          <reporter-output>
          </reporter-output>
        </test-method> <!-- setup -->
        <test-method status="PASS" signature="setPage()[pri:0, instance:scripts.TechGlobalFrontendTestingHomeTest@490ab905]" name="setPage" is-config="true" duration-ms="1" started-at="2023-01-20T12:21:11 EST" finished-at="2023-01-20T12:21:11 EST">
          <reporter-output>
          </reporter-output>
        </test-method> <!-- setPage -->
        <test-method status="PASS" signature="validateFrontendTestingCards()[pri:1, instance:scripts.TechGlobalFrontendTestingHomeTest@490ab905]" name="validateFrontendTestingCards" duration-ms="981" started-at="2023-01-20T12:21:11 EST" description="Validate Frontend Testing cards" finished-at="2023-01-20T12:21:12 EST">
          <reporter-output>
          </reporter-output>
        </test-method> <!-- validateFrontendTestingCards -->
        <test-method status="PASS" signature="teardown()[pri:0, instance:scripts.TechGlobalFrontendTestingHomeTest@490ab905]" name="teardown" is-config="true" duration-ms="82" started-at="2023-01-20T12:21:12 EST" finished-at="2023-01-20T12:21:12 EST">
          <reporter-output>
          </reporter-output>
        </test-method> <!-- teardown -->
        <test-method status="PASS" signature="setup()[pri:0, instance:scripts.TechGlobalFrontendTestingHomeTest@490ab905]" name="setup" is-config="true" duration-ms="1895" started-at="2023-01-20T12:21:12 EST" finished-at="2023-01-20T12:21:14 EST">
          <reporter-output>
          </reporter-output>
        </test-method> <!-- setup -->
        <test-method status="PASS" signature="setPage()[pri:0, instance:scripts.TechGlobalFrontendTestingHomeTest@490ab905]" name="setPage" is-config="true" duration-ms="1" started-at="2023-01-20T12:21:14 EST" finished-at="2023-01-20T12:21:14 EST">
          <reporter-output>
          </reporter-output>
        </test-method> <!-- setPage -->
        <test-method status="PASS" signature="validateFrontendTestingURL()[pri:2, instance:scripts.TechGlobalFrontendTestingHomeTest@490ab905]" name="validateFrontendTestingURL" duration-ms="250" started-at="2023-01-20T12:21:14 EST" description="Validate URL" finished-at="2023-01-20T12:21:14 EST">
          <reporter-output>
          </reporter-output>
        </test-method> <!-- validateFrontendTestingURL -->
        <test-method status="PASS" signature="teardown()[pri:0, instance:scripts.TechGlobalFrontendTestingHomeTest@490ab905]" name="teardown" is-config="true" duration-ms="83" started-at="2023-01-20T12:21:14 EST" finished-at="2023-01-20T12:21:14 EST">
          <reporter-output>
          </reporter-output>
        </test-method> <!-- teardown -->
      </class> <!-- scripts.TechGlobalFrontendTestingHomeTest -->
      <class name="scripts.TechGlobalDynamicElementsTest">
        <test-method status="PASS" signature="setup()[pri:0, instance:scripts.TechGlobalDynamicElementsTest@59494225]" name="setup" is-config="true" duration-ms="1842" started-at="2023-01-20T12:22:07 EST" finished-at="2023-01-20T12:22:09 EST">
          <reporter-output>
          </reporter-output>
        </test-method> <!-- setup -->
        <test-method status="PASS" signature="setPage()[pri:0, instance:scripts.TechGlobalDynamicElementsTest@59494225]" name="setPage" is-config="true" duration-ms="1" started-at="2023-01-20T12:22:09 EST" finished-at="2023-01-20T12:22:09 EST">
          <reporter-output>
          </reporter-output>
        </test-method> <!-- setPage -->
        <test-method status="PASS" signature="dynamicElementsTest()[pri:1, instance:scripts.TechGlobalDynamicElementsTest@59494225]" name="dynamicElementsTest" duration-ms="423" started-at="2023-01-20T12:22:09 EST" description="Testing Dynamic Web Elements" finished-at="2023-01-20T12:22:09 EST">
          <reporter-output>
          </reporter-output>
        </test-method> <!-- dynamicElementsTest -->
        <test-method status="PASS" signature="teardown()[pri:0, instance:scripts.TechGlobalDynamicElementsTest@59494225]" name="teardown" is-config="true" duration-ms="84" started-at="2023-01-20T12:22:09 EST" finished-at="2023-01-20T12:22:09 EST">
          <reporter-output>
          </reporter-output>
        </test-method> <!-- teardown -->
      </class> <!-- scripts.TechGlobalDynamicElementsTest -->
      <class name="scripts.TechGlobalCheckBoxTest">
        <test-method status="PASS" signature="setup()[pri:0, instance:scripts.TechGlobalCheckBoxTest@72d818d1]" name="setup" is-config="true" duration-ms="1944" started-at="2023-01-20T12:21:20 EST" finished-at="2023-01-20T12:21:22 EST">
          <reporter-output>
          </reporter-output>
        </test-method> <!-- setup -->
        <test-method status="PASS" signature="setPage()[pri:0, instance:scripts.TechGlobalCheckBoxTest@72d818d1]" name="setPage" is-config="true" duration-ms="2" started-at="2023-01-20T12:21:22 EST" finished-at="2023-01-20T12:21:22 EST">
          <reporter-output>
          </reporter-output>
        </test-method> <!-- setPage -->
        <test-method status="PASS" signature="validateCheckBoxes()[pri:1, instance:scripts.TechGlobalCheckBoxTest@72d818d1]" name="validateCheckBoxes" duration-ms="4587" started-at="2023-01-20T12:21:22 EST" description="Validate checkboxes" finished-at="2023-01-20T12:21:27 EST">
          <reporter-output>
          </reporter-output>
        </test-method> <!-- validateCheckBoxes -->
        <test-method status="PASS" signature="teardown()[pri:0, instance:scripts.TechGlobalCheckBoxTest@72d818d1]" name="teardown" is-config="true" duration-ms="83" started-at="2023-01-20T12:21:27 EST" finished-at="2023-01-20T12:21:27 EST">
          <reporter-output>
          </reporter-output>
        </test-method> <!-- teardown -->
        <test-method status="PASS" signature="setup()[pri:0, instance:scripts.TechGlobalCheckBoxTest@72d818d1]" name="setup" is-config="true" duration-ms="1771" started-at="2023-01-20T12:21:27 EST" finished-at="2023-01-20T12:21:29 EST">
          <reporter-output>
          </reporter-output>
        </test-method> <!-- setup -->
        <test-method status="PASS" signature="setPage()[pri:0, instance:scripts.TechGlobalCheckBoxTest@72d818d1]" name="setPage" is-config="true" duration-ms="1" started-at="2023-01-20T12:21:29 EST" finished-at="2023-01-20T12:21:29 EST">
          <reporter-output>
          </reporter-output>
        </test-method> <!-- setPage -->
        <test-method status="PASS" signature="validateCheckBoxes2()[pri:2, instance:scripts.TechGlobalCheckBoxTest@72d818d1]" name="validateCheckBoxes2" duration-ms="582" started-at="2023-01-20T12:21:29 EST" description="Validate checkboxes of second group" finished-at="2023-01-20T12:21:29 EST">
          <reporter-output>
          </reporter-output>
        </test-method> <!-- validateCheckBoxes2 -->
        <test-method status="PASS" signature="teardown()[pri:0, instance:scripts.TechGlobalCheckBoxTest@72d818d1]" name="teardown" is-config="true" duration-ms="81" started-at="2023-01-20T12:21:29 EST" finished-at="2023-01-20T12:21:29 EST">
          <reporter-output>
          </reporter-output>
        </test-method> <!-- teardown -->
      </class> <!-- scripts.TechGlobalCheckBoxTest -->
      <class name="scripts.TechGlobalLogoTest">
        <test-method status="PASS" signature="setup()[pri:0, instance:scripts.TechGlobalLogoTest@56ac3a89]" name="setup" is-config="true" duration-ms="1777" started-at="2023-01-20T12:21:14 EST" finished-at="2023-01-20T12:21:16 EST">
          <reporter-output>
          </reporter-output>
        </test-method> <!-- setup -->
        <test-method status="FAIL" signature="validateTechGlobalLogo()[pri:0, instance:scripts.TechGlobalLogoTest@56ac3a89]" name="validateTechGlobalLogo" duration-ms="24" started-at="2023-01-20T12:21:16 EST" finished-at="2023-01-20T12:21:16 EST">
          <exception class="java.lang.AssertionError">
            <message>
              <![CDATA[expected [true] but found [false]]]>
            </message>
            <full-stacktrace>
              <![CDATA[java.lang.AssertionError: expected [true] but found [false]
at org.testng.Assert.fail(Assert.java:97)
at org.testng.Assert.failNotEquals(Assert.java:969)
at org.testng.Assert.assertTrue(Assert.java:43)
at org.testng.Assert.assertTrue(Assert.java:53)
at scripts.TechGlobalLogoTest.validateTechGlobalLogo(TechGlobalLogoTest.java:10)
at sun.reflect.NativeMethodAccessorImpl.invoke0(Native Method)
at sun.reflect.NativeMethodAccessorImpl.invoke(NativeMethodAccessorImpl.java:62)
at sun.reflect.DelegatingMethodAccessorImpl.invoke(DelegatingMethodAccessorImpl.java:43)
at java.lang.reflect.Method.invoke(Method.java:498)
at org.testng.internal.MethodInvocationHelper.invokeMethod(MethodInvocationHelper.java:134)
at org.testng.internal.TestInvoker.invokeMethod(TestInvoker.java:597)
at org.testng.internal.TestInvoker.invokeTestMethod(TestInvoker.java:173)
at org.testng.internal.MethodRunner.runInSequence(MethodRunner.java:46)
at org.testng.internal.TestInvoker$MethodInvocationAgent.invoke(TestInvoker.java:816)
at org.testng.internal.TestInvoker.invokeTestMethods(TestInvoker.java:146)
at org.testng.internal.TestMethodWorker.invokeTestMethods(TestMethodWorker.java:146)
at org.testng.internal.TestMethodWorker.run(TestMethodWorker.java:128)
at java.util.ArrayList.forEach(ArrayList.java:1259)
at org.testng.TestRunner.privateRun(TestRunner.java:766)
at org.testng.TestRunner.run(TestRunner.java:587)
at org.testng.SuiteRunner.runTest(SuiteRunner.java:384)
at org.testng.SuiteRunner.runSequentially(SuiteRunner.java:378)
at org.testng.SuiteRunner.privateRun(SuiteRunner.java:337)
at org.testng.SuiteRunner.run(SuiteRunner.java:286)
at org.testng.SuiteRunnerWorker.runSuite(SuiteRunnerWorker.java:53)
at org.testng.SuiteRunnerWorker.run(SuiteRunnerWorker.java:96)
at org.testng.TestNG.runSuitesSequentially(TestNG.java:1187)
at org.testng.TestNG.runSuitesLocally(TestNG.java:1109)
at org.testng.TestNG.runSuites(TestNG.java:1039)
at org.testng.TestNG.run(TestNG.java:1007)
at org.apache.maven.surefire.testng.TestNGExecutor.run(TestNGExecutor.java:77)
at org.apache.maven.surefire.testng.TestNGDirectoryTestSuite.executeMulti(TestNGDirectoryTestSuite.java:159)
at org.apache.maven.surefire.testng.TestNGDirectoryTestSuite.execute(TestNGDirectoryTestSuite.java:99)
at org.apache.maven.surefire.testng.TestNGProvider.invoke(TestNGProvider.java:106)
at sun.reflect.NativeMethodAccessorImpl.invoke0(Native Method)
at sun.reflect.NativeMethodAccessorImpl.invoke(NativeMethodAccessorImpl.java:62)
at sun.reflect.DelegatingMethodAccessorImpl.invoke(DelegatingMethodAccessorImpl.java:43)
at java.lang.reflect.Method.invoke(Method.java:498)
at org.apache.maven.surefire.util.ReflectionUtils.invokeMethodWithArray(ReflectionUtils.java:189)
at org.apache.maven.surefire.booter.ProviderFactory$ProviderProxy.invoke(ProviderFactory.java:165)
at org.apache.maven.surefire.booter.ProviderFactory.invokeProvider(ProviderFactory.java:85)
at org.apache.maven.surefire.booter.ForkedBooter.runSuitesInProcess(ForkedBooter.java:115)
at org.apache.maven.surefire.booter.ForkedBooter.main(ForkedBooter.java:75)
]]>
            </full-stacktrace>
          </exception> <!-- java.lang.AssertionError -->
          <reporter-output>
          </reporter-output>
        </test-method> <!-- validateTechGlobalLogo -->
        <test-method status="PASS" signature="teardown()[pri:0, instance:scripts.TechGlobalLogoTest@56ac3a89]" name="teardown" is-config="true" duration-ms="98" started-at="2023-01-20T12:21:16 EST" finished-at="2023-01-20T12:21:16 EST">
          <reporter-output>
          </reporter-output>
        </test-method> <!-- teardown -->
      </class> <!-- scripts.TechGlobalLogoTest -->
      <class name="scripts.TechGlobalWaitsTest">
        <test-method status="PASS" signature="setup()[pri:0, instance:scripts.TechGlobalWaitsTest@6e06451e]" name="setup" is-config="true" duration-ms="1843" started-at="2023-01-20T12:21:29 EST" finished-at="2023-01-20T12:21:31 EST">
          <reporter-output>
          </reporter-output>
        </test-method> <!-- setup -->
        <test-method status="PASS" signature="setPage()[pri:0, instance:scripts.TechGlobalWaitsTest@6e06451e]" name="setPage" is-config="true" duration-ms="1" started-at="2023-01-20T12:21:31 EST" finished-at="2023-01-20T12:21:31 EST">
          <reporter-output>
          </reporter-output>
        </test-method> <!-- setPage -->
        <test-method status="PASS" signature="validateRedBox()[pri:1, instance:scripts.TechGlobalWaitsTest@6e06451e]" name="validateRedBox" duration-ms="35463" started-at="2023-01-20T12:21:31 EST" description="Validate red box is visible" finished-at="2023-01-20T12:22:07 EST">
          <reporter-output>
          </reporter-output>
        </test-method> <!-- validateRedBox -->
        <test-method status="PASS" signature="teardown()[pri:0, instance:scripts.TechGlobalWaitsTest@6e06451e]" name="teardown" is-config="true" duration-ms="90" started-at="2023-01-20T12:22:07 EST" finished-at="2023-01-20T12:22:07 EST">
          <reporter-output>
          </reporter-output>
        </test-method> <!-- teardown -->
      </class> <!-- scripts.TechGlobalWaitsTest -->
      <class name="scripts.TechGlobalRadioButtonsTest">
        <test-method status="PASS" signature="setup()[pri:0, instance:scripts.TechGlobalRadioButtonsTest@6e1567f1]" name="setup" is-config="true" duration-ms="1807" started-at="2023-01-20T12:22:09 EST" finished-at="2023-01-20T12:22:11 EST">
          <reporter-output>
          </reporter-output>
        </test-method> <!-- setup -->
        <test-method status="PASS" signature="setPage()[pri:0, instance:scripts.TechGlobalRadioButtonsTest@6e1567f1]" name="setPage" is-config="true" duration-ms="1" started-at="2023-01-20T12:22:11 EST" finished-at="2023-01-20T12:22:11 EST">
          <reporter-output>
          </reporter-output>
        </test-method> <!-- setPage -->
        <test-method status="PASS" signature="languageRadioButtons()[pri:1, instance:scripts.TechGlobalRadioButtonsTest@6e1567f1]" name="languageRadioButtons" duration-ms="6628" started-at="2023-01-20T12:22:11 EST" description="Validate TechGlobal Language Radio Buttons" finished-at="2023-01-20T12:22:18 EST">
          <reporter-output>
          </reporter-output>
        </test-method> <!-- languageRadioButtons -->
        <test-method status="PASS" signature="teardown()[pri:0, instance:scripts.TechGlobalRadioButtonsTest@6e1567f1]" name="teardown" is-config="true" duration-ms="86" started-at="2023-01-20T12:22:18 EST" finished-at="2023-01-20T12:22:18 EST">
          <reporter-output>
          </reporter-output>
        </test-method> <!-- teardown -->
        <test-method status="PASS" signature="setup()[pri:0, instance:scripts.TechGlobalRadioButtonsTest@6e1567f1]" name="setup" is-config="true" duration-ms="2485" started-at="2023-01-20T12:22:18 EST" finished-at="2023-01-20T12:22:20 EST">
          <reporter-output>
          </reporter-output>
        </test-method> <!-- setup -->
        <test-method status="PASS" signature="languageRadioButtons2()[pri:2, instance:scripts.TechGlobalRadioButtonsTest@6e1567f1]" name="languageRadioButtons2" duration-ms="575" started-at="2023-01-20T12:22:20 EST" description="Validate TechGlobal Language Practice" finished-at="2023-01-20T12:22:21 EST">
          <reporter-output>
          </reporter-output>
        </test-method> <!-- languageRadioButtons2 -->
        <test-method status="PASS" signature="setPage()[pri:0, instance:scripts.TechGlobalRadioButtonsTest@6e1567f1]" name="setPage" is-config="true" duration-ms="0" started-at="2023-01-20T12:22:20 EST" finished-at="2023-01-20T12:22:20 EST">
          <reporter-output>
          </reporter-output>
        </test-method> <!-- setPage -->
        <test-method status="PASS" signature="teardown()[pri:0, instance:scripts.TechGlobalRadioButtonsTest@6e1567f1]" name="teardown" is-config="true" duration-ms="82" started-at="2023-01-20T12:22:21 EST" finished-at="2023-01-20T12:22:21 EST">
          <reporter-output>
          </reporter-output>
        </test-method> <!-- teardown -->
      </class> <!-- scripts.TechGlobalRadioButtonsTest -->
      <class name="scripts.TechGlobalHeaderTest">
        <test-method status="PASS" signature="setup()[pri:0, instance:scripts.TechGlobalHeaderTest@27c20538]" name="setup" is-config="true" duration-ms="1829" started-at="2023-01-20T12:21:16 EST" finished-at="2023-01-20T12:21:18 EST">
          <reporter-output>
          </reporter-output>
        </test-method> <!-- setup -->
        <test-method status="PASS" signature="validateTechGlobalHeaderDropdown()[pri:1, instance:scripts.TechGlobalHeaderTest@27c20538]" name="validateTechGlobalHeaderDropdown" duration-ms="41" started-at="2023-01-20T12:21:18 EST" finished-at="2023-01-20T12:21:18 EST">
          <reporter-output>
          </reporter-output>
        </test-method> <!-- validateTechGlobalHeaderDropdown -->
        <test-method status="PASS" signature="teardown()[pri:0, instance:scripts.TechGlobalHeaderTest@27c20538]" name="teardown" is-config="true" duration-ms="83" started-at="2023-01-20T12:21:18 EST" finished-at="2023-01-20T12:21:18 EST">
          <reporter-output>
          </reporter-output>
        </test-method> <!-- teardown -->
        <test-method status="PASS" signature="setup()[pri:0, instance:scripts.TechGlobalHeaderTest@27c20538]" name="setup" is-config="true" duration-ms="1780" started-at="2023-01-20T12:21:18 EST" finished-at="2023-01-20T12:21:20 EST">
          <reporter-output>
          </reporter-output>
        </test-method> <!-- setup -->
        <test-method status="PASS" signature="validateTechGlobalHeaderDropdownOptions()[pri:2, instance:scripts.TechGlobalHeaderTest@27c20538]" name="validateTechGlobalHeaderDropdownOptions" duration-ms="199" started-at="2023-01-20T12:21:20 EST" finished-at="2023-01-20T12:21:20 EST">
          <reporter-output>
          </reporter-output>
        </test-method> <!-- validateTechGlobalHeaderDropdownOptions -->
        <test-method status="PASS" signature="teardown()[pri:0, instance:scripts.TechGlobalHeaderTest@27c20538]" name="teardown" is-config="true" duration-ms="83" started-at="2023-01-20T12:21:20 EST" finished-at="2023-01-20T12:21:20 EST">
          <reporter-output>
          </reporter-output>
        </test-method> <!-- teardown -->
      </class> <!-- scripts.TechGlobalHeaderTest -->
    </test> <!-- Command line test -->
  </suite> <!-- Command line suite -->
</testng-results>
